2019-09-28 20:58 +08:00: Sat, 28 Sep 2019 12:58:19 GMT koa deprecated Support for generators will be removed in v3. See the documentation for examples of how to convert old middleware https://github.com/koajs/koa/blob/master/docs/migration.md at src/server/base.js:41:6
2019-09-28 20:58 +08:00: Sat, 28 Sep 2019 12:58:19 GMT koa deprecated Support for generators will be removed in v3. See the documentation for examples of how to convert old middleware https://github.com/koajs/koa/blob/master/docs/migration.md at src/server/base.js:41:6
2019-09-28 20:58 +08:00: Sat, 28 Sep 2019 12:58:19 GMT koa deprecated Support for generators will be removed in v3. See the documentation for examples of how to convert old middleware https://github.com/koajs/koa/blob/master/docs/migration.md at src/server/base.js:41:6
2019-09-28 20:58 +08:00: { Error: listen EADDRINUSE: address already in use 0.0.0.0:80
2019-09-28 20:58 +08:00:     at Server.setupListenHandle [as _listen2] (net.js:1279:14)
2019-09-28 20:58 +08:00:     at listenInCluster (net.js:1327:12)
2019-09-28 20:58 +08:00:     at doListen (net.js:1460:7)
2019-09-28 20:58 +08:00:     at process._tickCallback (internal/process/next_tick.js:63:19)
2019-09-28 20:58 +08:00:     at Function.Module.runMain (internal/modules/cjs/loader.js:832:11)
2019-09-28 20:58 +08:00:     at startup (internal/bootstrap/node.js:283:19)
2019-09-28 20:58 +08:00:     at bootstrapNodeJSCore (internal/bootstrap/node.js:622:3)
2019-09-28 20:58 +08:00:   code: 'EADDRINUSE',
2019-09-28 20:58 +08:00:   errno: 'EADDRINUSE',
2019-09-28 20:58 +08:00:   syscall: 'listen',
2019-09-28 20:58 +08:00:   address: '0.0.0.0',
2019-09-28 20:58 +08:00:   port: 80 }
2019-09-28 20:58 +08:00: Sat, 28 Sep 2019 12:58:19 GMT koa deprecated Support for generators will be removed in v3. See the documentation for examples of how to convert old middleware https://github.com/koajs/koa/blob/master/docs/migration.md at src/server/base.js:41:6
2019-09-28 20:58 +08:00: Sat, 28 Sep 2019 12:58:19 GMT koa deprecated Support for generators will be removed in v3. See the documentation for examples of how to convert old middleware https://github.com/koajs/koa/blob/master/docs/migration.md at src/server/base.js:41:6
2019-09-28 20:58 +08:00: Sat, 28 Sep 2019 12:58:19 GMT koa deprecated Support for generators will be removed in v3. See the documentation for examples of how to convert old middleware https://github.com/koajs/koa/blob/master/docs/migration.md at src/server/base.js:41:6
2019-09-28 20:58 +08:00: { Error: listen EADDRINUSE: address already in use 0.0.0.0:80
2019-09-28 20:58 +08:00:     at Server.setupListenHandle [as _listen2] (net.js:1279:14)
2019-09-28 20:58 +08:00:     at listenInCluster (net.js:1327:12)
2019-09-28 20:58 +08:00:     at doListen (net.js:1460:7)
2019-09-28 20:58 +08:00:     at process._tickCallback (internal/process/next_tick.js:63:19)
2019-09-28 20:58 +08:00:     at Function.Module.runMain (internal/modules/cjs/loader.js:832:11)
2019-09-28 20:58 +08:00:     at startup (internal/bootstrap/node.js:283:19)
2019-09-28 20:58 +08:00:     at bootstrapNodeJSCore (internal/bootstrap/node.js:622:3)
2019-09-28 20:58 +08:00:   code: 'EADDRINUSE',
2019-09-28 20:58 +08:00:   errno: 'EADDRINUSE',
2019-09-28 20:58 +08:00:   syscall: 'listen',
2019-09-28 20:58 +08:00:   address: '0.0.0.0',
2019-09-28 20:58 +08:00:   port: 80 }
2019-09-28 20:58 +08:00: { Error: listen EADDRINUSE: address already in use 0.0.0.0:80
2019-09-28 20:58 +08:00:     at Server.setupListenHandle [as _listen2] (net.js:1279:14)
2019-09-28 20:58 +08:00:     at listenInCluster (net.js:1327:12)
2019-09-28 20:58 +08:00:     at doListen (net.js:1460:7)
2019-09-28 20:58 +08:00:     at process._tickCallback (internal/process/next_tick.js:63:19)
2019-09-28 20:58 +08:00:     at Function.Module.runMain (internal/modules/cjs/loader.js:832:11)
2019-09-28 20:58 +08:00:     at startup (internal/bootstrap/node.js:283:19)
2019-09-28 20:58 +08:00:     at bootstrapNodeJSCore (internal/bootstrap/node.js:622:3)
2019-09-28 20:58 +08:00:   code: 'EADDRINUSE',
2019-09-28 20:58 +08:00:   errno: 'EADDRINUSE',
2019-09-28 20:58 +08:00:   syscall: 'listen',
2019-09-28 20:58 +08:00:   address: '0.0.0.0',
2019-09-28 20:58 +08:00:   port: 80 }
2019-09-28 20:58 +08:00: { Error: listen EADDRINUSE: address already in use 0.0.0.0:80
2019-09-28 20:58 +08:00:     at Server.setupListenHandle [as _listen2] (net.js:1279:14)
2019-09-28 20:58 +08:00:     at listenInCluster (net.js:1327:12)
2019-09-28 20:58 +08:00:     at doListen (net.js:1460:7)
2019-09-28 20:58 +08:00:     at process._tickCallback (internal/process/next_tick.js:63:19)
2019-09-28 20:58 +08:00:     at Function.Module.runMain (internal/modules/cjs/loader.js:832:11)
2019-09-28 20:58 +08:00:     at startup (internal/bootstrap/node.js:283:19)
2019-09-28 20:58 +08:00:     at bootstrapNodeJSCore (internal/bootstrap/node.js:622:3)
2019-09-28 20:58 +08:00:   code: 'EADDRINUSE',
2019-09-28 20:58 +08:00:   errno: 'EADDRINUSE',
2019-09-28 20:58 +08:00:   syscall: 'listen',
2019-09-28 20:58 +08:00:   address: '0.0.0.0',
2019-09-28 20:58 +08:00:   port: 80 }
2019-09-28 20:58 +08:00: { Error: listen EADDRINUSE: address already in use 0.0.0.0:80
2019-09-28 20:58 +08:00:     at Server.setupListenHandle [as _listen2] (net.js:1279:14)
2019-09-28 20:58 +08:00:     at listenInCluster (net.js:1327:12)
2019-09-28 20:58 +08:00:     at doListen (net.js:1460:7)
2019-09-28 20:58 +08:00:     at process._tickCallback (internal/process/next_tick.js:63:19)
2019-09-28 20:58 +08:00:     at Function.Module.runMain (internal/modules/cjs/loader.js:832:11)
2019-09-28 20:58 +08:00:     at startup (internal/bootstrap/node.js:283:19)
2019-09-28 20:58 +08:00:     at bootstrapNodeJSCore (internal/bootstrap/node.js:622:3)
2019-09-28 20:58 +08:00:   code: 'EADDRINUSE',
2019-09-28 20:58 +08:00:   errno: 'EADDRINUSE',
2019-09-28 20:58 +08:00:   syscall: 'listen',
2019-09-28 20:58 +08:00:   address: '0.0.0.0',
2019-09-28 20:58 +08:00:   port: 80 }
2019-09-28 20:58 +08:00: Sat, 28 Sep 2019 12:58:43 GMT koa deprecated Support for generators will be removed in v3. See the documentation for examples of how to convert old middleware https://github.com/koajs/koa/blob/master/docs/migration.md at src/server/base.js:41:6
2019-09-28 20:59 +08:00: Sat, 28 Sep 2019 12:59:12 GMT koa deprecated Support for generators will be removed in v3. See the documentation for examples of how to convert old middleware https://github.com/koajs/koa/blob/master/docs/migration.md at src/server/base.js:41:6
2019-09-28 20:59 +08:00: Sat, 28 Sep 2019 12:59:41 GMT koa deprecated Support for generators will be removed in v3. See the documentation for examples of how to convert old middleware https://github.com/koajs/koa/blob/master/docs/migration.md at src/server/base.js:41:6
2019-09-28 21:00 +08:00: Sat, 28 Sep 2019 13:00:12 GMT koa deprecated Support for generators will be removed in v3. See the documentation for examples of how to convert old middleware https://github.com/koajs/koa/blob/master/docs/migration.md at src/server/base.js:41:6
2019-09-28 21:00 +08:00: Sat, 28 Sep 2019 13:00:41 GMT koa deprecated Support for generators will be removed in v3. See the documentation for examples of how to convert old middleware https://github.com/koajs/koa/blob/master/docs/migration.md at src/server/base.js:41:6
2019-09-28 21:01 +08:00: Sat, 28 Sep 2019 13:01:11 GMT koa deprecated Support for generators will be removed in v3. See the documentation for examples of how to convert old middleware https://github.com/koajs/koa/blob/master/docs/migration.md at src/server/base.js:41:6
2019-09-28 21:01 +08:00: Sat, 28 Sep 2019 13:01:41 GMT koa deprecated Support for generators will be removed in v3. See the documentation for examples of how to convert old middleware https://github.com/koajs/koa/blob/master/docs/migration.md at src/server/base.js:41:6
2019-09-28 21:02 +08:00: Sat, 28 Sep 2019 13:02:11 GMT koa deprecated Support for generators will be removed in v3. See the documentation for examples of how to convert old middleware https://github.com/koajs/koa/blob/master/docs/migration.md at src/server/base.js:41:6
2019-09-28 21:02 +08:00: Sat, 28 Sep 2019 13:02:41 GMT koa deprecated Support for generators will be removed in v3. See the documentation for examples of how to convert old middleware https://github.com/koajs/koa/blob/master/docs/migration.md at src/server/base.js:41:6
2019-09-28 21:03 +08:00: Sat, 28 Sep 2019 13:03:12 GMT koa deprecated Support for generators will be removed in v3. See the documentation for examples of how to convert old middleware https://github.com/koajs/koa/blob/master/docs/migration.md at src/server/base.js:41:6
2019-09-28 21:03 +08:00: Sat, 28 Sep 2019 13:03:41 GMT koa deprecated Support for generators will be removed in v3. See the documentation for examples of how to convert old middleware https://github.com/koajs/koa/blob/master/docs/migration.md at src/server/base.js:41:6
2019-09-28 21:04 +08:00: Sat, 28 Sep 2019 13:04:11 GMT koa deprecated Support for generators will be removed in v3. See the documentation for examples of how to convert old middleware https://github.com/koajs/koa/blob/master/docs/migration.md at src/server/base.js:41:6
2019-09-28 21:04 +08:00: Sat, 28 Sep 2019 13:04:41 GMT koa deprecated Support for generators will be removed in v3. See the documentation for examples of how to convert old middleware https://github.com/koajs/koa/blob/master/docs/migration.md at src/server/base.js:41:6
2019-09-28 21:05 +08:00: Sat, 28 Sep 2019 13:05:11 GMT koa deprecated Support for generators will be removed in v3. See the documentation for examples of how to convert old middleware https://github.com/koajs/koa/blob/master/docs/migration.md at src/server/base.js:41:6
2019-09-28 21:05 +08:00: Sat, 28 Sep 2019 13:05:41 GMT koa deprecated Support for generators will be removed in v3. See the documentation for examples of how to convert old middleware https://github.com/koajs/koa/blob/master/docs/migration.md at src/server/base.js:41:6
2019-09-28 21:06 +08:00: Sat, 28 Sep 2019 13:06:11 GMT koa deprecated Support for generators will be removed in v3. See the documentation for examples of how to convert old middleware https://github.com/koajs/koa/blob/master/docs/migration.md at src/server/base.js:41:6
2019-09-28 21:06 +08:00: Sat, 28 Sep 2019 13:06:41 GMT koa deprecated Support for generators will be removed in v3. See the documentation for examples of how to convert old middleware https://github.com/koajs/koa/blob/master/docs/migration.md at src/server/base.js:41:6
2019-09-28 21:07 +08:00: Sat, 28 Sep 2019 13:07:12 GMT koa deprecated Support for generators will be removed in v3. See the documentation for examples of how to convert old middleware https://github.com/koajs/koa/blob/master/docs/migration.md at src/server/base.js:41:6
2019-09-28 21:07 +08:00: Sat, 28 Sep 2019 13:07:41 GMT koa deprecated Support for generators will be removed in v3. See the documentation for examples of how to convert old middleware https://github.com/koajs/koa/blob/master/docs/migration.md at src/server/base.js:41:6
2019-09-28 21:08 +08:00: Sat, 28 Sep 2019 13:08:11 GMT koa deprecated Support for generators will be removed in v3. See the documentation for examples of how to convert old middleware https://github.com/koajs/koa/blob/master/docs/migration.md at src/server/base.js:41:6
2019-09-28 21:08 +08:00: Sat, 28 Sep 2019 13:08:41 GMT koa deprecated Support for generators will be removed in v3. See the documentation for examples of how to convert old middleware https://github.com/koajs/koa/blob/master/docs/migration.md at src/server/base.js:41:6
2019-09-28 21:09 +08:00: Sat, 28 Sep 2019 13:09:11 GMT koa deprecated Support for generators will be removed in v3. See the documentation for examples of how to convert old middleware https://github.com/koajs/koa/blob/master/docs/migration.md at src/server/base.js:41:6
2019-09-28 21:09 +08:00: Sat, 28 Sep 2019 13:09:41 GMT koa deprecated Support for generators will be removed in v3. See the documentation for examples of how to convert old middleware https://github.com/koajs/koa/blob/master/docs/migration.md at src/server/base.js:41:6
2019-09-28 21:10 +08:00: Sat, 28 Sep 2019 13:10:11 GMT koa deprecated Support for generators will be removed in v3. See the documentation for examples of how to convert old middleware https://github.com/koajs/koa/blob/master/docs/migration.md at src/server/base.js:41:6
2019-09-28 21:10 +08:00: Sat, 28 Sep 2019 13:10:42 GMT koa deprecated Support for generators will be removed in v3. See the documentation for examples of how to convert old middleware https://github.com/koajs/koa/blob/master/docs/migration.md at src/server/base.js:41:6
2019-09-28 21:11 +08:00: Sat, 28 Sep 2019 13:11:12 GMT koa deprecated Support for generators will be removed in v3. See the documentation for examples of how to convert old middleware https://github.com/koajs/koa/blob/master/docs/migration.md at src/server/base.js:41:6
2019-09-30 05:21 +08:00: Sun, 29 Sep 2019 21:21:08 GMT koa deprecated Support for generators will be removed in v3. See the documentation for examples of how to convert old middleware https://github.com/koajs/koa/blob/master/docs/migration.md at src/server/base.js:41:6
2019-09-30 05:21 +08:00: Sun, 29 Sep 2019 21:21:08 GMT koa deprecated Support for generators will be removed in v3. See the documentation for examples of how to convert old middleware https://github.com/koajs/koa/blob/master/docs/migration.md at src/server/base.js:41:6
2019-09-30 05:21 +08:00: Sun, 29 Sep 2019 21:21:08 GMT koa deprecated Support for generators will be removed in v3. See the documentation for examples of how to convert old middleware https://github.com/koajs/koa/blob/master/docs/migration.md at src/server/base.js:41:6
2019-09-30 05:21 +08:00: { Error: listen EADDRINUSE: address already in use 0.0.0.0:80
2019-09-30 05:21 +08:00:     at Server.setupListenHandle [as _listen2] (net.js:1279:14)
2019-09-30 05:21 +08:00:     at listenInCluster (net.js:1327:12)
2019-09-30 05:21 +08:00:     at doListen (net.js:1460:7)
2019-09-30 05:21 +08:00:     at process._tickCallback (internal/process/next_tick.js:63:19)
2019-09-30 05:21 +08:00:     at Function.Module.runMain (internal/modules/cjs/loader.js:832:11)
2019-09-30 05:21 +08:00:     at startup (internal/bootstrap/node.js:283:19)
2019-09-30 05:21 +08:00:     at bootstrapNodeJSCore (internal/bootstrap/node.js:622:3)
2019-09-30 05:21 +08:00:   code: 'EADDRINUSE',
2019-09-30 05:21 +08:00:   errno: 'EADDRINUSE',
2019-09-30 05:21 +08:00:   syscall: 'listen',
2019-09-30 05:21 +08:00:   address: '0.0.0.0',
2019-09-30 05:21 +08:00:   port: 80 }
2019-09-30 05:21 +08:00: { Error: listen EADDRINUSE: address already in use 0.0.0.0:80
2019-09-30 05:21 +08:00:     at Server.setupListenHandle [as _listen2] (net.js:1279:14)
2019-09-30 05:21 +08:00:     at listenInCluster (net.js:1327:12)
2019-09-30 05:21 +08:00:     at doListen (net.js:1460:7)
2019-09-30 05:21 +08:00:     at process._tickCallback (internal/process/next_tick.js:63:19)
2019-09-30 05:21 +08:00:     at Function.Module.runMain (internal/modules/cjs/loader.js:832:11)
2019-09-30 05:21 +08:00:     at startup (internal/bootstrap/node.js:283:19)
2019-09-30 05:21 +08:00:     at bootstrapNodeJSCore (internal/bootstrap/node.js:622:3)
2019-09-30 05:21 +08:00:   code: 'EADDRINUSE',
2019-09-30 05:21 +08:00:   errno: 'EADDRINUSE',
2019-09-30 05:21 +08:00:   syscall: 'listen',
2019-09-30 05:21 +08:00:   address: '0.0.0.0',
2019-09-30 05:21 +08:00:   port: 80 }
2019-11-10 20:48 +08:00: Sun, 10 Nov 2019 12:48:09 GMT koa deprecated Support for generators will be removed in v3. See the documentation for examples of how to convert old middleware https://github.com/koajs/koa/blob/master/docs/migration.md at src/server/base.js:41:6
2019-11-10 20:48 +08:00: Sun, 10 Nov 2019 12:48:09 GMT koa deprecated Support for generators will be removed in v3. See the documentation for examples of how to convert old middleware https://github.com/koajs/koa/blob/master/docs/migration.md at src/server/base.js:41:6
2019-11-10 20:48 +08:00: { Error: listen EADDRINUSE: address already in use 0.0.0.0:80
2019-11-10 20:48 +08:00:     at Server.setupListenHandle [as _listen2] (net.js:1279:14)
2019-11-10 20:48 +08:00:     at listenInCluster (net.js:1327:12)
2019-11-10 20:48 +08:00:     at doListen (net.js:1460:7)
2019-11-10 20:48 +08:00:     at process._tickCallback (internal/process/next_tick.js:63:19)
2019-11-10 20:48 +08:00:     at Function.Module.runMain (internal/modules/cjs/loader.js:832:11)
2019-11-10 20:48 +08:00:     at startup (internal/bootstrap/node.js:283:19)
2019-11-10 20:48 +08:00:     at bootstrapNodeJSCore (internal/bootstrap/node.js:622:3)
2019-11-10 20:48 +08:00:   code: 'EADDRINUSE',
2019-11-10 20:48 +08:00:   errno: 'EADDRINUSE',
2019-11-10 20:48 +08:00:   syscall: 'listen',
2019-11-10 20:48 +08:00:   address: '0.0.0.0',
2019-11-10 20:48 +08:00:   port: 80 }
2019-11-10 20:48 +08:00: Sun, 10 Nov 2019 12:48:09 GMT koa deprecated Support for generators will be removed in v3. See the documentation for examples of how to convert old middleware https://github.com/koajs/koa/blob/master/docs/migration.md at src/server/base.js:41:6
2019-11-10 20:48 +08:00: { Error: listen EADDRINUSE: address already in use 0.0.0.0:80
2019-11-10 20:48 +08:00:     at Server.setupListenHandle [as _listen2] (net.js:1279:14)
2019-11-10 20:48 +08:00:     at listenInCluster (net.js:1327:12)
2019-11-10 20:48 +08:00:     at doListen (net.js:1460:7)
2019-11-10 20:48 +08:00:     at process._tickCallback (internal/process/next_tick.js:63:19)
2019-11-10 20:48 +08:00:     at Function.Module.runMain (internal/modules/cjs/loader.js:832:11)
2019-11-10 20:48 +08:00:     at startup (internal/bootstrap/node.js:283:19)
2019-11-10 20:48 +08:00:     at bootstrapNodeJSCore (internal/bootstrap/node.js:622:3)
2019-11-10 20:48 +08:00:   code: 'EADDRINUSE',
2019-11-10 20:48 +08:00:   errno: 'EADDRINUSE',
2019-11-10 20:48 +08:00:   syscall: 'listen',
2019-11-10 20:48 +08:00:   address: '0.0.0.0',
2019-11-10 20:48 +08:00:   port: 80 }
2019-11-10 20:48 +08:00: Sun, 10 Nov 2019 12:48:13 GMT koa deprecated Support for generators will be removed in v3. See the documentation for examples of how to convert old middleware https://github.com/koajs/koa/blob/master/docs/migration.md at src/server/base.js:41:6
<<<<<<< HEAD
=======
2019-12-10 10:52 +08:00: Tue, 10 Dec 2019 02:52:52 GMT koa deprecated Support for generators will be removed in v3. See the documentation for examples of how to convert old middleware https://github.com/koajs/koa/blob/master/docs/migration.md at src\server\base.js:42:6
2019-12-10 10:52 +08:00: Tue, 10 Dec 2019 02:52:52 GMT koa deprecated Support for generators will be removed in v3. See the documentation for examples of how to convert old middleware https://github.com/koajs/koa/blob/master/docs/migration.md at src\server\base.js:42:6
2019-12-10 10:52 +08:00: Tue, 10 Dec 2019 02:52:52 GMT koa deprecated Support for generators will be removed in v3. See the documentation for examples of how to convert old middleware https://github.com/koajs/koa/blob/master/docs/migration.md at src\server\base.js:42:6
2019-12-10 10:52 +08:00: { Error: listen EADDRINUSE: address already in use 0.0.0.0:80
2019-12-10 10:52 +08:00:     at Server.setupListenHandle [as _listen2] (net.js:1279:14)
2019-12-10 10:52 +08:00:     at listenInCluster (net.js:1327:12)
2019-12-10 10:52 +08:00:     at doListen (net.js:1460:7)
2019-12-10 10:52 +08:00:     at process._tickCallback (internal/process/next_tick.js:63:19)
2019-12-10 10:52 +08:00:     at Function.Module.runMain (internal/modules/cjs/loader.js:834:11)
2019-12-10 10:52 +08:00:     at startup (internal/bootstrap/node.js:283:19)
2019-12-10 10:52 +08:00:     at bootstrapNodeJSCore (internal/bootstrap/node.js:622:3)
2019-12-10 10:52 +08:00:   code: 'EADDRINUSE',
2019-12-10 10:52 +08:00:   errno: 'EADDRINUSE',
2019-12-10 10:52 +08:00:   syscall: 'listen',
2019-12-10 10:52 +08:00:   address: '0.0.0.0',
2019-12-10 10:52 +08:00:   port: 80 }
2019-12-10 10:52 +08:00: { Error: listen EADDRINUSE: address already in use 0.0.0.0:80
2019-12-10 10:52 +08:00:     at Server.setupListenHandle [as _listen2] (net.js:1279:14)
2019-12-10 10:52 +08:00:     at listenInCluster (net.js:1327:12)
2019-12-10 10:52 +08:00:     at doListen (net.js:1460:7)
2019-12-10 10:52 +08:00:     at process._tickCallback (internal/process/next_tick.js:63:19)
2019-12-10 10:52 +08:00:     at Function.Module.runMain (internal/modules/cjs/loader.js:834:11)
2019-12-10 10:52 +08:00:     at startup (internal/bootstrap/node.js:283:19)
2019-12-10 10:52 +08:00:     at bootstrapNodeJSCore (internal/bootstrap/node.js:622:3)
2019-12-10 10:52 +08:00:   code: 'EADDRINUSE',
2019-12-10 10:52 +08:00:   errno: 'EADDRINUSE',
2019-12-10 10:52 +08:00:   syscall: 'listen',
2019-12-10 10:52 +08:00:   address: '0.0.0.0',
2019-12-10 10:52 +08:00:   port: 80 }
2019-12-10 10:53 +08:00: Tue, 10 Dec 2019 02:53:22 GMT koa deprecated Support for generators will be removed in v3. See the documentation for examples of how to convert old middleware https://github.com/koajs/koa/blob/master/docs/migration.md at src\server\base.js:42:6
2019-12-10 10:53 +08:00: Tue, 10 Dec 2019 02:53:52 GMT koa deprecated Support for generators will be removed in v3. See the documentation for examples of how to convert old middleware https://github.com/koajs/koa/blob/master/docs/migration.md at src\server\base.js:42:6
2019-12-10 10:54 +08:00: Tue, 10 Dec 2019 02:54:24 GMT koa deprecated Support for generators will be removed in v3. See the documentation for examples of how to convert old middleware https://github.com/koajs/koa/blob/master/docs/migration.md at src\server\base.js:42:6
>>>>>>> 83cb40fea57e7a8229edf26e56e32d29ee2385ad
